
Finding PWLI file location ... /Users/leuski/Documents/Programming/cocoaspell/build/cocoAspell.app/Contents/Resources/PspellData

Finding Dictionary file location ... /Users/leuski/Documents/Programming/cocoaspell/build/cocoAspell.app/Contents/Resources/Dictionaries

Finding Data file location ... /Users/leuski/Documents/Programming/cocoaspell/build/cocoAspell.app/Contents/Resources/AspellData

2001-11-21 01:17:05.296 System Preferences[20596] 0

/Users/leuski/Documents/Programming/cocoaspell/build/cocoAspell.app/Contents/Resources/word-list-compress d < da.cwl | /Users/leuski/Documents/Programming/cocoaspell/build/cocoAspell.app/Contents/MacOS/cocoAspell  --lang=da create master ./da.rws

2001-11-21 01:20:30.574 System Preferences[20596] 0

mkdir -p /Users/leuski/Documents/Programming/cocoaspell/build/cocoAspell.app/Contents/Resources/Dictionaries/

cp da.rws da.multi danish.multi dansk.multi /Users/leuski/Documents/Programming/cocoaspell/build/cocoAspell.app/Contents/Resources/Dictionaries/

cd /Users/leuski/Documents/Programming/cocoaspell/build/cocoAspell.app/Contents/Resources/Dictionaries/ && chmod 644 da.rws da.multi danish.multi dansk.multi

mkdir -p /Users/leuski/Documents/Programming/cocoaspell/build/cocoAspell.app/Contents/Resources/AspellData/

cp da.dat da_phonet.dat /Users/leuski/Documents/Programming/cocoaspell/build/cocoAspell.app/Contents/Resources/AspellData/

cd /Users/leuski/Documents/Programming/cocoaspell/build/cocoAspell.app/Contents/Resources/AspellData/ && chmod 644 da.dat da_phonet.dat

mkdir -p /Users/leuski/Documents/Programming/cocoaspell/build/cocoAspell.app/Contents/Resources/PspellData/

cp da-aspell.pwli /Users/leuski/Documents/Programming/cocoaspell/build/cocoAspell.app/Contents/Resources/PspellData/

cd /Users/leuski/Documents/Programming/cocoaspell/build/cocoAspell.app/Contents/Resources/PspellData/ && chmod 644 da-aspell.pwli

2001-11-21 01:20:32.533 System Preferences[20596] 0

Finding PWLI file location ... /Users/leuski/Documents/Programming/cocoaspell/build/cocoAspell.app/Contents/Resources/PspellData

Finding Dictionary file location ... /Users/leuski/Documents/Programming/cocoaspell/build/cocoAspell.app/Contents/Resources/Dictionaries

Finding Data file location ... /Users/leuski/Documents/Programming/cocoaspell/build/cocoAspell.app/Contents/Resources/AspellData

2001-11-21 01:21:29.802 System Preferences[20596] 0

/Users/leuski/Documents/Programming/cocoaspell/build/cocoAspell.app/Contents/Resources/word-list-compress d < de-only.cwl | /Users/leuski/Documents/Programming/cocoaspell/build/cocoAspell.app/Contents/MacOS/cocoAspell  --lang=de create master ./de-only.rws

/Users/leuski/Documents/Programming/cocoaspell/build/cocoAspell.app/Contents/Resources/word-list-compress d < de_CH-only.cwl | /Users/leuski/Documents/Programming/cocoaspell/build/cocoAspell.app/Contents/MacOS/cocoAspell  --lang=de create master ./de_CH-only.rws

/Users/leuski/Documents/Programming/cocoaspell/build/cocoAspell.app/Contents/Resources/word-list-compress d < de_DE-only.cwl | /Users/leuski/Documents/Programming/cocoaspell/build/cocoAspell.app/Contents/MacOS/cocoAspell  --lang=de create master ./de_DE-only.rws

2001-11-21 01:24:26.563 System Preferences[20596] 0

mkdir -p /Users/leuski/Documents/Programming/cocoaspell/build/cocoAspell.app/Contents/Resources/Dictionaries/

cp de-only.rws de_CH-only.rws de_DE-only.rws de.multi de_CH.multi de_DE.multi deutsch.multi german.multi swiss.multi /Users/leuski/Documents/Programming/cocoaspell/build/cocoAspell.app/Contents/Resources/Dictionaries/

cd /Users/leuski/Documents/Programming/cocoaspell/build/cocoAspell.app/Contents/Resources/Dictionaries/ && chmod 644 de-only.rws de_CH-only.rws de_DE-only.rws de.multi de_CH.multi de_DE.multi deutsch.multi german.multi swiss.multi

mkdir -p /Users/leuski/Documents/Programming/cocoaspell/build/cocoAspell.app/Contents/Resources/AspellData/

cp de.dat de_phonet.dat /Users/leuski/Documents/Programming/cocoaspell/build/cocoAspell.app/Contents/Resources/AspellData/

cd /Users/leuski/Documents/Programming/cocoaspell/build/cocoAspell.app/Contents/Resources/AspellData/ && chmod 644 de.dat de_phonet.dat

mkdir -p /Users/leuski/Documents/Programming/cocoaspell/build/cocoAspell.app/Contents/Resources/PspellData/

cp de-aspell.pwli de_CH-aspell.pwli de_DE-aspell.pwli /Users/leuski/Documents/Programming/cocoaspell/build/cocoAspell.app/Contents/Resources/PspellData/

cd /Users/leuski/Documents/Programming/cocoaspell/build/cocoAspell.app/Contents/Resources/PspellData/ && chmod 644 de-aspell.pwli de_CH-aspell.pwli de_DE-aspell.pwli

cd /Users/leuski/Documents/Programming/cocoaspell/build/cocoAspell.app/Contents/Resources/Dictionaries; ln -sf de_CH-only.rws de_ch-only.rws

cd /Users/leuski/Documents/Programming/cocoaspell/build/cocoAspell.app/Contents/Resources/Dictionaries; ln -sf de_DE-only.rws de_de-only.rws

cd /Users/leuski/Documents/Programming/cocoaspell/build/cocoAspell.app/Contents/Resources/Dictionaries; ln -sf de_CH.multi de_ch.multi

cd /Users/leuski/Documents/Programming/cocoaspell/build/cocoAspell.app/Contents/Resources/Dictionaries; ln -sf de_DE.multi de_de.multi

2001-11-21 01:24:28.326 System Preferences[20596] 0

Nov 21 01:25:18 localhost lookupd[209]: DNSAgent: dns_send_query_server - timeout for 24.216.219.12


Finding PWLI file location ... /Users/leuski/Documents/Programming/cocoaspell/build/cocoAspell.app/Contents/Resources/PspellData

Finding Dictionary file location ... /Users/leuski/Documents/Programming/cocoaspell/build/cocoAspell.app/Contents/Resources/Dictionaries

Finding Data file location ... /Users/leuski/Documents/Programming/cocoaspell/build/cocoAspell.app/Contents/Resources/AspellData

2001-11-21 01:25:26.656 System Preferences[20596] 0

/Users/leuski/Documents/Programming/cocoaspell/build/cocoAspell.app/Contents/Resources/word-list-compress d < eo.cwl | /Users/leuski/Documents/Programming/cocoaspell/build/cocoAspell.app/Contents/MacOS/cocoAspell  --lang=eo create master ./eo.rws

2001-11-21 01:29:15.578 System Preferences[20596] 0

mkdir -p /Users/leuski/Documents/Programming/cocoaspell/build/cocoAspell.app/Contents/Resources/Dictionaries/

cp eo.rws eo.multi esperanto.multi /Users/leuski/Documents/Programming/cocoaspell/build/cocoAspell.app/Contents/Resources/Dictionaries/

cd /Users/leuski/Documents/Programming/cocoaspell/build/cocoAspell.app/Contents/Resources/Dictionaries/ && chmod 644 eo.rws eo.multi esperanto.multi

mkdir -p /Users/leuski/Documents/Programming/cocoaspell/build/cocoAspell.app/Contents/Resources/AspellData/

cp eo.dat /Users/leuski/Documents/Programming/cocoaspell/build/cocoAspell.app/Contents/Resources/AspellData/

cd /Users/leuski/Documents/Programming/cocoaspell/build/cocoAspell.app/Contents/Resources/AspellData/ && chmod 644 eo.dat

mkdir -p /Users/leuski/Documents/Programming/cocoaspell/build/cocoAspell.app/Contents/Resources/PspellData/

cp eo-aspell.pwli /Users/leuski/Documents/Programming/cocoaspell/build/cocoAspell.app/Contents/Resources/PspellData/

cd /Users/leuski/Documents/Programming/cocoaspell/build/cocoAspell.app/Contents/Resources/PspellData/ && chmod 644 eo-aspell.pwli

2001-11-21 01:29:17.305 System Preferences[20596] 0

Finding PWLI file location ... /Users/leuski/Documents/Programming/cocoaspell/build/cocoAspell.app/Contents/Resources/PspellData

Finding Dictionary file location ... /Users/leuski/Documents/Programming/cocoaspell/build/cocoAspell.app/Contents/Resources/Dictionaries

Finding Data file location ... /Users/leuski/Documents/Programming/cocoaspell/build/cocoAspell.app/Contents/Resources/AspellData

2001-11-21 01:29:53.139 System Preferences[20596] 0

/Users/leuski/Documents/Programming/cocoaspell/build/cocoAspell.app/Contents/Resources/word-list-compress d < es.cwl | /Users/leuski/Documents/Programming/cocoaspell/build/cocoAspell.app/Contents/MacOS/cocoAspell  --lang=es create master ./es.rws

2001-11-21 01:33:45.426 System Preferences[20596] 0

mkdir -p /Users/leuski/Documents/Programming/cocoaspell/build/cocoAspell.app/Contents/Resources/Dictionaries/

cp es.rws es.multi español.multi esponol.multi spanish.multi /Users/leuski/Documents/Programming/cocoaspell/build/cocoAspell.app/Contents/Resources/Dictionaries/

cp: español.multi: No such file or directory

make: *** [install2] Error 1

2001-11-21 01:33:47.158 System Preferences[20596] 512

mkdir -p /Users/leuski/Documents/Programming/cocoaspell/build/cocoAspell.app/Contents/Resources/Dictionaries/

cp es.rws es.multi español.multi esponol.multi spanish.multi /Users/leuski/Documents/Programming/cocoaspell/build/cocoAspell.app/Contents/Resources/Dictionaries/

cp: español.multi: No such file or directory

make: *** [install2] Error 1

2001-11-21 01:33:48.872 System Preferences[20596] 512

Finding PWLI file location ... /Users/leuski/Documents/Programming/cocoaspell/build/cocoAspell.app/Contents/Resources/PspellData

Finding Dictionary file location ... /Users/leuski/Documents/Programming/cocoaspell/build/cocoAspell.app/Contents/Resources/Dictionaries

Finding Data file location ... /Users/leuski/Documents/Programming/cocoaspell/build/cocoAspell.app/Contents/Resources/AspellData

2001-11-21 01:39:30.057 System Preferences[20596] 0

/Users/leuski/Documents/Programming/cocoaspell/build/cocoAspell.app/Contents/Resources/word-list-compress d < fo.cwl | /Users/leuski/Documents/Programming/cocoaspell/build/cocoAspell.app/Contents/MacOS/cocoAspell  --lang=fo create master ./fo.rws

2001-11-21 01:39:46.875 System Preferences[20596] 0

mkdir -p /Users/leuski/Documents/Programming/cocoaspell/build/cocoAspell.app/Contents/Resources/Dictionaries/

cp fo.rws faroese.multi fo.multi føroyskt.multi /Users/leuski/Documents/Programming/cocoaspell/build/cocoAspell.app/Contents/Resources/Dictionaries/

cp: føroyskt.multi: No such file or directory

make: *** [install2] Error 1

2001-11-21 01:39:47.069 System Preferences[20596] 512

mkdir -p /Users/leuski/Documents/Programming/cocoaspell/build/cocoAspell.app/Contents/Resources/Dictionaries/

cp fo.rws faroese.multi fo.multi føroyskt.multi /Users/leuski/Documents/Programming/cocoaspell/build/cocoAspell.app/Contents/Resources/Dictionaries/

cp: føroyskt.multi: No such file or directory

make: *** [install2] Error 1

2001-11-21 01:39:47.147 System Preferences[20596] 512

Finding PWLI file location ... /Users/leuski/Documents/Programming/cocoaspell/build/cocoAspell.app/Contents/Resources/PspellData

Finding Dictionary file location ... /Users/leuski/Documents/Programming/cocoaspell/build/cocoAspell.app/Contents/Resources/Dictionaries

Finding Data file location ... /Users/leuski/Documents/Programming/cocoaspell/build/cocoAspell.app/Contents/Resources/AspellData

2001-11-21 01:40:46.658 System Preferences[20596] 0

/Users/leuski/Documents/Programming/cocoaspell/build/cocoAspell.app/Contents/Resources/word-list-compress d < fr-40-only.cwl | /Users/leuski/Documents/Programming/cocoaspell/build/cocoAspell.app/Contents/MacOS/cocoAspell  --lang=fr create master ./fr-40-only.rws

/Users/leuski/Documents/Programming/cocoaspell/build/cocoAspell.app/Contents/Resources/word-list-compress d < fr-60-only.cwl | /Users/leuski/Documents/Programming/cocoaspell/build/cocoAspell.app/Contents/MacOS/cocoAspell  --lang=fr create master ./fr-60-only.rws

/Users/leuski/Documents/Programming/cocoaspell/build/cocoAspell.app/Contents/Resources/word-list-compress d < fr-80-only.cwl | /Users/leuski/Documents/Programming/cocoaspell/build/cocoAspell.app/Contents/MacOS/cocoAspell  --lang=fr create master ./fr-80-only.rws

/Users/leuski/Documents/Programming/cocoaspell/build/cocoAspell.app/Contents/Resources/word-list-compress d < fr_CH-only.cwl | /Users/leuski/Documents/Programming/cocoaspell/build/cocoAspell.app/Contents/MacOS/cocoAspell  --lang=fr create master ./fr_CH-only.rws

2001-11-21 01:45:49.584 System Preferences[20596] 0

mkdir -p /Users/leuski/Documents/Programming/cocoaspell/build/cocoAspell.app/Contents/Resources/Dictionaries/

cp fr-40-only.rws fr-60-only.rws fr-80-only.rws fr_CH-only.rws fr.multi fr-40.multi fr-60.multi fr-80.multi fr-lrg.multi fr-med.multi fr-sml.multi fr_CH.multi fr_CH-40.multi fr_CH-60.multi fr_CH-80.multi fr_CH-lrg.multi fr_CH-med.multi fr_CH-sml.multi fr_FR.multi fr_FR-40.multi fr_FR-60.multi fr_FR-80.multi fr_FR-lrg.multi fr_FR-med.multi fr_FR-sml.multi francais.multi francais-40.multi francais-60.multi francais-80.multi francais-lrg.multi francais-med.multi francais-sml.multi french.multi french-40.multi french-60.multi french-80.multi french-lrg.multi french-med.multi french-sml.multi suisse.multi suisse-40.multi suisse-60.multi suisse-80.multi suisse-lrg.multi suisse-med.multi suisse-sml.multi /Users/leuski/Documents/Programming/cocoaspell/build/cocoAspell.app/Contents/Resources/Dictionaries/

cd /Users/leuski/Documents/Programming/cocoaspell/build/cocoAspell.app/Contents/Resources/Dictionaries/ && chmod 644 fr-40-only.rws fr-60-only.rws fr-80-only.rws fr_CH-only.rws fr.multi fr-40.multi fr-60.multi fr-80.multi fr-lrg.multi fr-med.multi fr-sml.multi fr_CH.multi fr_CH-40.multi fr_CH-60.multi fr_CH-80.multi fr_CH-lrg.multi fr_CH-med.multi fr_CH-sml.multi fr_FR.multi fr_FR-40.multi fr_FR-60.multi fr_FR-80.multi fr_FR-lrg.multi fr_FR-med.multi fr_FR-sml.multi francais.multi francais-40.multi francais-60.multi francais-80.multi francais-lrg.multi francais-med.multi francais-sml.multi french.multi french-40.multi french-60.multi french-80.multi french-lrg.multi french-med.multi french-sml.multi suisse.multi suisse-40.multi suisse-60.multi suisse-80.multi suisse-lrg.multi suisse-med.multi suisse-sml.multi

mkdir -p /Users/leuski/Documents/Programming/cocoaspell/build/cocoAspell.app/Contents/Resources/AspellData/

cp fr.dat fr_phonet.dat /Users/leuski/Documents/Programming/cocoaspell/build/cocoAspell.app/Contents/Resources/AspellData/

cd /Users/leuski/Documents/Programming/cocoaspell/build/cocoAspell.app/Contents/Resources/AspellData/ && chmod 644 fr.dat fr_phonet.dat

mkdir -p /Users/leuski/Documents/Programming/cocoaspell/build/cocoAspell.app/Contents/Resources/PspellData/

cp fr-40-aspell.pwli fr-60-aspell.pwli fr-80-aspell.pwli fr_CH-40-aspell.pwli fr_CH-60-aspell.pwli fr_CH-80-aspell.pwli fr_FR-40-aspell.pwli fr_FR-60-aspell.pwli fr_FR-80-aspell.pwli /Users/leuski/Documents/Programming/cocoaspell/build/cocoAspell.app/Contents/Resources/PspellData/

cd /Users/leuski/Documents/Programming/cocoaspell/build/cocoAspell.app/Contents/Resources/PspellData/ && chmod 644 fr-40-aspell.pwli fr-60-aspell.pwli fr-80-aspell.pwli fr_CH-40-aspell.pwli fr_CH-60-aspell.pwli fr_CH-80-aspell.pwli fr_FR-40-aspell.pwli fr_FR-60-aspell.pwli fr_FR-80-aspell.pwli

cd /Users/leuski/Documents/Programming/cocoaspell/build/cocoAspell.app/Contents/Resources/Dictionaries; ln -sf fr_CH-only.rws fr_ch-only.rws

cd /Users/leuski/Documents/Programming/cocoaspell/build/cocoAspell.app/Contents/Resources/Dictionaries; ln -sf fr_CH.multi fr_ch.multi

cd /Users/leuski/Documents/Programming/cocoaspell/build/cocoAspell.app/Contents/Resources/Dictionaries; ln -sf fr_CH-40.multi fr_ch-40.multi

cd /Users/leuski/Documents/Programming/cocoaspell/build/cocoAspell.app/Contents/Resources/Dictionaries; ln -sf fr_CH-60.multi fr_ch-60.multi

cd /Users/leuski/Documents/Programming/cocoaspell/build/cocoAspell.app/Contents/Resources/Dictionaries; ln -sf fr_CH-80.multi fr_ch-80.multi

cd /Users/leuski/Documents/Programming/cocoaspell/build/cocoAspell.app/Contents/Resources/Dictionaries; ln -sf fr_CH-lrg.multi fr_ch-lrg.multi

cd /Users/leuski/Documents/Programming/cocoaspell/build/cocoAspell.app/Contents/Resources/Dictionaries; ln -sf fr_CH-med.multi fr_ch-med.multi

cd /Users/leuski/Documents/Programming/cocoaspell/build/cocoAspell.app/Contents/Resources/Dictionaries; ln -sf fr_CH-sml.multi fr_ch-sml.multi

cd /Users/leuski/Documents/Programming/cocoaspell/build/cocoAspell.app/Contents/Resources/Dictionaries; ln -sf fr_FR.multi fr_fr.multi

cd /Users/leuski/Documents/Programming/cocoaspell/build/cocoAspell.app/Contents/Resources/Dictionaries; ln -sf fr_FR-40.multi fr_fr-40.multi

cd /Users/leuski/Documents/Programming/cocoaspell/build/cocoAspell.app/Contents/Resources/Dictionaries; ln -sf fr_FR-60.multi fr_fr-60.multi

cd /Users/leuski/Documents/Programming/cocoaspell/build/cocoAspell.app/Contents/Resources/Dictionaries; ln -sf fr_FR-80.multi fr_fr-80.multi

cd /Users/leuski/Documents/Programming/cocoaspell/build/cocoAspell.app/Contents/Resources/Dictionaries; ln -sf fr_FR-lrg.multi fr_fr-lrg.multi

cd /Users/leuski/Documents/Programming/cocoaspell/build/cocoAspell.app/Contents/Resources/Dictionaries; ln -sf fr_FR-med.multi fr_fr-med.multi

cd /Users/leuski/Documents/Programming/cocoaspell/build/cocoAspell.app/Contents/Resources/Dictionaries; ln -sf fr_FR-sml.multi fr_fr-sml.multi

2001-11-21 01:45:53.251 System Preferences[20596] 0

2
Finding PWLI file location ... /Users/leuski/Documents/Programming/cocoaspell/build/cocoAspell.app/Contents/Resources/PspellData

Finding Dictionary file location ... /Users/leuski/Documents/Programming/cocoaspell/build/cocoAspell.app/Contents/Resources/Dictionaries

Finding Data file location ... /Users/leuski/Documents/Programming/cocoaspell/build/cocoAspell.app/Contents/Resources/AspellData

2001-11-21 01:50:23.900 System Preferences[20794] 0

/Users/leuski/Documents/Programming/cocoaspell/build/cocoAspell.app/Contents/Resources/word-list-compress d < it.cwl | /Users/leuski/Documents/Programming/cocoaspell/build/cocoAspell.app/Contents/MacOS/cocoAspell  --lang=it create master ./it.rws

2001-11-21 01:50:49.544 System Preferences[20794] 0

mkdir -p /Users/leuski/Documents/Programming/cocoaspell/build/cocoAspell.app/Contents/Resources/Dictionaries/

cp it.rws it.multi italian.multi /Users/leuski/Documents/Programming/cocoaspell/build/cocoAspell.app/Contents/Resources/Dictionaries/

cd /Users/leuski/Documents/Programming/cocoaspell/build/cocoAspell.app/Contents/Resources/Dictionaries/ && chmod 644 it.rws it.multi italian.multi

mkdir -p /Users/leuski/Documents/Programming/cocoaspell/build/cocoAspell.app/Contents/Resources/AspellData/

cp it.dat /Users/leuski/Documents/Programming/cocoaspell/build/cocoAspell.app/Contents/Resources/AspellData/

cd /Users/leuski/Documents/Programming/cocoaspell/build/cocoAspell.app/Contents/Resources/AspellData/ && chmod 644 it.dat

mkdir -p /Users/leuski/Documents/Programming/cocoaspell/build/cocoAspell.app/Contents/Resources/PspellData/

cp it-aspell.pwli /Users/leuski/Documents/Programming/cocoaspell/build/cocoAspell.app/Contents/Resources/PspellData/

cd /Users/leuski/Documents/Programming/cocoaspell/build/cocoAspell.app/Contents/Resources/PspellData/ && chmod 644 it-aspell.pwli

2001-11-21 01:50:50.450 System Preferences[20794] 0


Finding PWLI file location ... /Users/leuski/Documents/Programming/cocoaspell/build/cocoAspell.app/Contents/Resources/PspellData

Finding Dictionary file location ... /Users/leuski/Documents/Programming/cocoaspell/build/cocoAspell.app/Contents/Resources/Dictionaries

Finding Data file location ... /Users/leuski/Documents/Programming/cocoaspell/build/cocoAspell.app/Contents/Resources/AspellData

2001-11-21 01:51:47.176 System Preferences[20817] 0

/Users/leuski/Documents/Programming/cocoaspell/build/cocoAspell.app/Contents/Resources/word-list-compress d < nl.cwl | /Users/leuski/Documents/Programming/cocoaspell/build/cocoAspell.app/Contents/MacOS/cocoAspell  --lang=nl create master ./nl.rws

2001-11-21 01:53:46.442 System Preferences[20817] 0

mkdir -p /Users/leuski/Documents/Programming/cocoaspell/build/cocoAspell.app/Contents/Resources/Dictionaries/

cp nl.rws dutch.multi nl.multi /Users/leuski/Documents/Programming/cocoaspell/build/cocoAspell.app/Contents/Resources/Dictionaries/

cd /Users/leuski/Documents/Programming/cocoaspell/build/cocoAspell.app/Contents/Resources/Dictionaries/ && chmod 644 nl.rws dutch.multi nl.multi

mkdir -p /Users/leuski/Documents/Programming/cocoaspell/build/cocoAspell.app/Contents/Resources/AspellData/

cp nl.dat /Users/leuski/Documents/Programming/cocoaspell/build/cocoAspell.app/Contents/Resources/AspellData/

cd /Users/leuski/Documents/Programming/cocoaspell/build/cocoAspell.app/Contents/Resources/AspellData/ && chmod 644 nl.dat

mkdir -p /Users/leuski/Documents/Programming/cocoaspell/build/cocoAspell.app/Contents/Resources/PspellData/

cp nl-aspell.pwli /Users/leuski/Documents/Programming/cocoaspell/build/cocoAspell.app/Contents/Resources/PspellData/

cd /Users/leuski/Documents/Programming/cocoaspell/build/cocoAspell.app/Contents/Resources/PspellData/ && chmod 644 nl-aspell.pwli


Finding PWLI file location ... /Users/leuski/Documents/Programming/cocoaspell/build/cocoAspell.app/Contents/Resources/PspellData

Finding Dictionary file location ... /Users/leuski/Documents/Programming/cocoaspell/build/cocoAspell.app/Contents/Resources/Dictionaries

Finding Data file location ... /Users/leuski/Documents/Programming/cocoaspell/build/cocoAspell.app/Contents/Resources/AspellData

2001-11-21 01:55:34.304 System Preferences[20880] 0

/Users/leuski/Documents/Programming/cocoaspell/build/cocoAspell.app/Contents/Resources/word-list-compress d < no.cwl | /Users/leuski/Documents/Programming/cocoaspell/build/cocoAspell.app/Contents/MacOS/cocoAspell  --lang=no create master ./no.rws

2001-11-21 01:57:25.832 System Preferences[20880] 0

mkdir -p /Users/leuski/Documents/Programming/cocoaspell/build/cocoAspell.app/Contents/Resources/Dictionaries/

cp no.rws no.multi norsk.multi norwegian.multi /Users/leuski/Documents/Programming/cocoaspell/build/cocoAspell.app/Contents/Resources/Dictionaries/

cd /Users/leuski/Documents/Programming/cocoaspell/build/cocoAspell.app/Contents/Resources/Dictionaries/ && chmod 644 no.rws no.multi norsk.multi norwegian.multi

mkdir -p /Users/leuski/Documents/Programming/cocoaspell/build/cocoAspell.app/Contents/Resources/AspellData/

cp no.dat /Users/leuski/Documents/Programming/cocoaspell/build/cocoAspell.app/Contents/Resources/AspellData/

cd /Users/leuski/Documents/Programming/cocoaspell/build/cocoAspell.app/Contents/Resources/AspellData/ && chmod 644 no.dat

mkdir -p /Users/leuski/Documents/Programming/cocoaspell/build/cocoAspell.app/Contents/Resources/PspellData/

cp no-aspell.pwli /Users/leuski/Documents/Programming/cocoaspell/build/cocoAspell.app/Contents/Resources/PspellData/

cd /Users/leuski/Documents/Programming/cocoaspell/build/cocoAspell.app/Contents/Resources/PspellData/ && chmod 644 no-aspell.pwli

2001-11-21 01:57:27.402 System Preferences[20880] 0


Finding PWLI file location ... /Users/leuski/Documents/Programming/cocoaspell/build/cocoAspell.app/Contents/Resources/PspellData

Finding Dictionary file location ... /Users/leuski/Documents/Programming/cocoaspell/build/cocoAspell.app/Contents/Resources/Dictionaries

Finding Data file location ... /Users/leuski/Documents/Programming/cocoaspell/build/cocoAspell.app/Contents/Resources/AspellData

2001-11-21 01:58:25.024 System Preferences[20880] 0

/Users/leuski/Documents/Programming/cocoaspell/build/cocoAspell.app/Contents/Resources/word-list-compress d < pl.cwl | /Users/leuski/Documents/Programming/cocoaspell/build/cocoAspell.app/Contents/MacOS/cocoAspell  --lang=pl create master ./pl.rws

2001-11-21 02:05:15.243 System Preferences[20880] 0

mkdir -p /Users/leuski/Documents/Programming/cocoaspell/build/cocoAspell.app/Contents/Resources/Dictionaries/

cp pl.rws pl.multi polish.multi /Users/leuski/Documents/Programming/cocoaspell/build/cocoAspell.app/Contents/Resources/Dictionaries/

cd /Users/leuski/Documents/Programming/cocoaspell/build/cocoAspell.app/Contents/Resources/Dictionaries/ && chmod 644 pl.rws pl.multi polish.multi

mkdir -p /Users/leuski/Documents/Programming/cocoaspell/build/cocoAspell.app/Contents/Resources/AspellData/

cp pl.dat /Users/leuski/Documents/Programming/cocoaspell/build/cocoAspell.app/Contents/Resources/AspellData/

cd /Users/leuski/Documents/Programming/cocoaspell/build/cocoAspell.app/Contents/Resources/AspellData/ && chmod 644 pl.dat

mkdir -p /Users/leuski/Documents/Programming/cocoaspell/build/cocoAspell.app/Contents/Resources/PspellData/

cp pl-aspell.pwli /Users/leuski/Documents/Programming/cocoaspell/build/cocoAspell.app/Contents/Resources/PspellData/

cd /Users/leuski/Documents/Programming/cocoaspell/build/cocoAspell.app/Contents/Resources/PspellData/ && chmod 644 pl-aspell.pwli


Finding PWLI file location ... /Users/leuski/Documents/Programming/cocoaspell/build/cocoAspell.app/Contents/Resources/PspellData

Finding Dictionary file location ... /Users/leuski/Documents/Programming/cocoaspell/build/cocoAspell.app/Contents/Resources/Dictionaries

Finding Data file location ... /Users/leuski/Documents/Programming/cocoaspell/build/cocoAspell.app/Contents/Resources/AspellData

2001-11-21 02:06:08.501 System Preferences[20880] 0

/Users/leuski/Documents/Programming/cocoaspell/build/cocoAspell.app/Contents/Resources/word-list-compress d < pt-only.cwl | /Users/leuski/Documents/Programming/cocoaspell/build/cocoAspell.app/Contents/MacOS/cocoAspell  --lang=pt create master ./pt-only.rws

/Users/leuski/Documents/Programming/cocoaspell/build/cocoAspell.app/Contents/Resources/word-list-compress d < pt_BR-only.cwl | /Users/leuski/Documents/Programming/cocoaspell/build/cocoAspell.app/Contents/MacOS/cocoAspell  --lang=pt create master ./pt_BR-only.rws

/Users/leuski/Documents/Programming/cocoaspell/build/cocoAspell.app/Contents/Resources/word-list-compress d < pt_PT-only.cwl | /Users/leuski/Documents/Programming/cocoaspell/build/cocoAspell.app/Contents/MacOS/cocoAspell  --lang=pt create master ./pt_PT-only.rws

2001-11-21 02:09:45.808 System Preferences[20880] 0

mkdir -p /Users/leuski/Documents/Programming/cocoaspell/build/cocoAspell.app/Contents/Resources/Dictionaries/

cp pt-only.rws pt_BR-only.rws pt_PT-only.rws brazilian.multi portuguese.multi português.multi pt.multi pt_BR.multi pt_PT.multi /Users/leuski/Documents/Programming/cocoaspell/build/cocoAspell.app/Contents/Resources/Dictionaries/

cp: português.multi: No such file or directory

make: *** [install2] Error 1

2001-11-21 02:09:47.359 System Preferences[20880] 512

mkdir -p /Users/leuski/Documents/Programming/cocoaspell/build/cocoAspell.app/Contents/Resources/Dictionaries/

cp pt-only.rws pt_BR-only.rws pt_PT-only.rws brazilian.multi portuguese.multi português.multi pt.multi pt_BR.multi pt_PT.multi /Users/leuski/Documents/Programming/cocoaspell/build/cocoAspell.app/Contents/Resources/Dictionaries/

cp: português.multi: No such file or directory

make: *** [install2] Error 1

2001-11-21 02:09:48.552 System Preferences[20880] 512

Finding PWLI file location ... /Users/leuski/Documents/Programming/cocoaspell/build/cocoAspell.app/Contents/Resources/PspellData

Finding Dictionary file location ... /Users/leuski/Documents/Programming/cocoaspell/build/cocoAspell.app/Contents/Resources/Dictionaries

Finding Data file location ... /Users/leuski/Documents/Programming/cocoaspell/build/cocoAspell.app/Contents/Resources/AspellData

2001-11-21 02:15:47.019 System Preferences[20880] 0

/Users/leuski/Documents/Programming/cocoaspell/build/cocoAspell.app/Contents/Resources/word-list-compress d < ro.cwl | /Users/leuski/Documents/Programming/cocoaspell/build/cocoAspell.app/Contents/MacOS/cocoAspell  --lang=ro create master ./ro.rws

2001-11-21 02:16:03.892 System Preferences[20880] 0

mkdir -p /Users/leuski/Documents/Programming/cocoaspell/build/cocoAspell.app/Contents/Resources/Dictionaries/

cp ro.rws ro.multi romaneste.multi romanian.multi româneºte.multi /Users/leuski/Documents/Programming/cocoaspell/build/cocoAspell.app/Contents/Resources/Dictionaries/

cp: româneºte.multi: No such file or directory

make: *** [install2] Error 1

2001-11-21 02:16:04.115 System Preferences[20880] 512

mkdir -p /Users/leuski/Documents/Programming/cocoaspell/build/cocoAspell.app/Contents/Resources/Dictionaries/

cp ro.rws ro.multi romaneste.multi romanian.multi româneºte.multi /Users/leuski/Documents/Programming/cocoaspell/build/cocoAspell.app/Contents/Resources/Dictionaries/

cp: româneºte.multi: No such file or directory

make: *** [install2] Error 1

2001-11-21 02:16:04.264 System Preferences[20880] 512

Finding PWLI file location ... /Users/leuski/Documents/Programming/cocoaspell/build/cocoAspell.app/Contents/Resources/PspellData

Finding Dictionary file location ... /Users/leuski/Documents/Programming/cocoaspell/build/cocoAspell.app/Contents/Resources/Dictionaries

Finding Data file location ... /Users/leuski/Documents/Programming/cocoaspell/build/cocoAspell.app/Contents/Resources/AspellData

2001-11-21 02:17:15.645 System Preferences[20880] 0

/Users/leuski/Documents/Programming/cocoaspell/build/cocoAspell.app/Contents/Resources/word-list-compress d < ru.cwl | /Users/leuski/Documents/Programming/cocoaspell/build/cocoAspell.app/Contents/MacOS/cocoAspell  --lang=ru create master ./ru.rws

2001-11-21 02:23:19.982 System Preferences[20880] 0

mkdir -p /Users/leuski/Documents/Programming/cocoaspell/build/cocoAspell.app/Contents/Resources/Dictionaries/

cp ru.rws ru.multi russian.multi /Users/leuski/Documents/Programming/cocoaspell/build/cocoAspell.app/Contents/Resources/Dictionaries/

cd /Users/leuski/Documents/Programming/cocoaspell/build/cocoAspell.app/Contents/Resources/Dictionaries/ && chmod 644 ru.rws ru.multi russian.multi

mkdir -p /Users/leuski/Documents/Programming/cocoaspell/build/cocoAspell.app/Contents/Resources/AspellData/

cp ru.dat ru_phonet.dat /Users/leuski/Documents/Programming/cocoaspell/build/cocoAspell.app/Contents/Resources/AspellData/

cd /Users/leuski/Documents/Programming/cocoaspell/build/cocoAspell.app/Contents/Resources/AspellData/ && chmod 644 ru.dat ru_phonet.dat

mkdir -p /Users/leuski/Documents/Programming/cocoaspell/build/cocoAspell.app/Contents/Resources/PspellData/

cp ru-aspell.pwli /Users/leuski/Documents/Programming/cocoaspell/build/cocoAspell.app/Contents/Resources/PspellData/

cd /Users/leuski/Documents/Programming/cocoaspell/build/cocoAspell.app/Contents/Resources/PspellData/ && chmod 644 ru-aspell.pwli

2001-11-21 02:23:22.924 System Preferences[20880] 0


Finding PWLI file location ... /Users/leuski/Documents/Programming/cocoaspell/build/cocoAspell.app/Contents/Resources/PspellData

Finding Dictionary file location ... /Users/leuski/Documents/Programming/cocoaspell/build/cocoAspell.app/Contents/Resources/Dictionaries

Finding Data file location ... /Users/leuski/Documents/Programming/cocoaspell/build/cocoAspell.app/Contents/Resources/AspellData

2001-11-21 02:24:07.503 System Preferences[20880] 0

/Users/leuski/Documents/Programming/cocoaspell/build/cocoAspell.app/Contents/Resources/word-list-compress d < sv.cwl | /Users/leuski/Documents/Programming/cocoaspell/build/cocoAspell.app/Contents/MacOS/cocoAspell  --lang=sv create master ./sv.rws

2001-11-21 02:25:06.873 System Preferences[20880] 0

mkdir -p /Users/leuski/Documents/Programming/cocoaspell/build/cocoAspell.app/Contents/Resources/Dictionaries/

cp sv.rws sv.multi svenska.multi swedish.multi /Users/leuski/Documents/Programming/cocoaspell/build/cocoAspell.app/Contents/Resources/Dictionaries/

cd /Users/leuski/Documents/Programming/cocoaspell/build/cocoAspell.app/Contents/Resources/Dictionaries/ && chmod 644 sv.rws sv.multi svenska.multi swedish.multi

mkdir -p /Users/leuski/Documents/Programming/cocoaspell/build/cocoAspell.app/Contents/Resources/AspellData/

cp sv.dat sv_phonet.dat /Users/leuski/Documents/Programming/cocoaspell/build/cocoAspell.app/Contents/Resources/AspellData/

cd /Users/leuski/Documents/Programming/cocoaspell/build/cocoAspell.app/Contents/Resources/AspellData/ && chmod 644 sv.dat sv_phonet.dat

mkdir -p /Users/leuski/Documents/Programming/cocoaspell/build/cocoAspell.app/Contents/Resources/PspellData/

cp sv-aspell.pwli /Users/leuski/Documents/Programming/cocoaspell/build/cocoAspell.app/Contents/Resources/PspellData/

cd /Users/leuski/Documents/Programming/cocoaspell/build/cocoAspell.app/Contents/Resources/PspellData/ && chmod 644 sv-aspell.pwli

2001-11-21 02:25:07.555 System Preferences[20880] 0


